<?xml version="1.0" encoding="UTF-8"?>
<!-- Generated by org.testng.reporters.JUnitXMLReporter -->
<testsuite hostname="DESKTOP-KQBH998" failures="5" tests="5" name="Test" time="85.004" errors="0" timestamp="28 Feb 2024 13:30:23 GMT">
  <testcase classname="maintest.LoginTest" name="demo" time="13.599">
    <failure type="java.lang.AssertionError">
      <![CDATA[java.lang.AssertionError
	at org.junit.Assert.fail(Assert.java:92)
	at org.junit.Assert.assertTrue(Assert.java:43)
	at org.junit.Assert.assertTrue(Assert.java:54)
	at maintest.LoginTest.demo(LoginTest.java:26)
... Removed 24 stack frames]]>
    </failure>
  </testcase> <!-- demo -->
  <testcase classname="maintest.LoginTest" name="test" time="14.985">
    <failure type="java.lang.AssertionError" message="expected [Customer Login] but found [Customer Login1]">
      <![CDATA[java.lang.AssertionError: expected [Customer Login] but found [Customer Login1]
	at maintest.LoginTest.test(LoginTest.java:43)
... Removed 29 stack frames]]>
    </failure>
  </testcase> <!-- test -->
  <testcase classname="maintest.LoginTest" name="test" time="16.544">
    <failure type="java.lang.AssertionError" message="expected [Customer Login] but found [Customer Login1]">
      <![CDATA[java.lang.AssertionError: expected [Customer Login] but found [Customer Login1]
	at maintest.LoginTest.test(LoginTest.java:43)
... Removed 29 stack frames]]>
    </failure>
  </testcase> <!-- test -->
  <testcase classname="maintest.LoginTest" name="test" time="15.468">
    <failure type="java.lang.AssertionError" message="expected [Home Page] but found [My Account]">
      <![CDATA[java.lang.AssertionError: expected [Home Page] but found [My Account]
	at maintest.LoginTest.test(LoginTest.java:43)
... Removed 29 stack frames]]>
    </failure>
  </testcase> <!-- test -->
  <testcase classname="maintest.RegistrationTest" name="test" time="21.143">
    <failure type="java.lang.AssertionError">
      <![CDATA[java.lang.AssertionError
	at org.junit.Assert.fail(Assert.java:92)
	at org.junit.Assert.assertTrue(Assert.java:43)
	at org.junit.Assert.assertTrue(Assert.java:54)
	at maintest.RegistrationTest.test(RegistrationTest.java:31)
... Removed 24 stack frames]]>
    </failure>
  </testcase> <!-- test -->
</testsuite> <!-- Test -->
